<?xml version="1.0" encoding="UTF-8"?>
<!-- Generated by org.testng.reporters.JUnitXMLReporter -->
<testsuite hostname="Alexs-MacBook-Air.local" ignored="0" name="Calculator Test" tests="16" failures="0" timestamp="20 May 2018 12:27:11 GMT" time="0.096" errors="0">
  <testcase name="add_test_2_param" time="0.016" classname="core.AddTest"/>
  <testcase name="add_test_3_param" time="0.003" classname="core.AddTest"/>
  <testcase name="add_test_4_param" time="0.001" classname="core.AddTest"/>
  <testcase name="add_test_instanceOf" time="0.002" classname="core.AddTest"/>
  <testcase name="divide_test_2_param" time="0.005" classname="core.DivideTest"/>
  <testcase name="divide_test_3_param" time="0.001" classname="core.DivideTest"/>
  <testcase name="divide_test_4_param" time="0.001" classname="core.DivideTest"/>
  <testcase name="divide_test_instanceOf" time="0.001" classname="core.DivideTest"/>
  <testcase name="multiply_test_2_param" time="0.001" classname="core.MultiplyTest"/>
  <testcase name="multiply_test_3_param" time="0.001" classname="core.MultiplyTest"/>
  <testcase name="multiply_test_4_param" time="0.001" classname="core.MultiplyTest"/>
  <testcase name="multiply_test_instanceOf" time="0.001" classname="core.MultiplyTest"/>
  <testcase name="multiply_test_2_param" time="0.001" classname="core.SubtractTest"/>
  <testcase name="multiply_test_3_param" time="0.002" classname="core.SubtractTest"/>
  <testcase name="multiply_test_4_param" time="0.001" classname="core.SubtractTest"/>
  <testcase name="subtract_test_instanceOf" time="0.001" classname="core.SubtractTest"/>
</testsuite> <!-- Calculator Test -->
