<?xml version="1.0" encoding="UTF-8"?>
<testng-results skipped="0" failed="0" ignored="0" total="16" passed="16">
  <reporter-output>
  </reporter-output>
  <suite name="Suite" duration-ms="96" started-at="2018-05-20T12:27:11Z" finished-at="2018-05-20T12:27:11Z">
    <groups>
    </groups>
    <test name="Calculator Test" duration-ms="96" started-at="2018-05-20T12:27:11Z" finished-at="2018-05-20T12:27:11Z">
      <class name="core.MultiplyTest">
        <test-method status="PASS" signature="multiply_test_2_param()[pri:0, instance:core.MultiplyTest@3aeaafa6]" name="multiply_test_2_param" duration-ms="1" started-at="2018-05-20T12:27:11Z" finished-at="2018-05-20T12:27:11Z">
          <reporter-output>
          </reporter-output>
        </test-method> <!-- multiply_test_2_param -->
        <test-method status="PASS" signature="multiply_test_3_param()[pri:0, instance:core.MultiplyTest@3aeaafa6]" name="multiply_test_3_param" duration-ms="1" started-at="2018-05-20T12:27:11Z" finished-at="2018-05-20T12:27:11Z">
          <reporter-output>
          </reporter-output>
        </test-method> <!-- multiply_test_3_param -->
        <test-method status="PASS" signature="multiply_test_4_param()[pri:0, instance:core.MultiplyTest@3aeaafa6]" name="multiply_test_4_param" duration-ms="1" started-at="2018-05-20T12:27:11Z" finished-at="2018-05-20T12:27:11Z">
          <reporter-output>
          </reporter-output>
        </test-method> <!-- multiply_test_4_param -->
        <test-method status="PASS" signature="multiply_test_instanceOf()[pri:0, instance:core.MultiplyTest@3aeaafa6]" name="multiply_test_instanceOf" duration-ms="1" started-at="2018-05-20T12:27:11Z" finished-at="2018-05-20T12:27:11Z">
          <reporter-output>
          </reporter-output>
        </test-method> <!-- multiply_test_instanceOf -->
      </class> <!-- core.MultiplyTest -->
      <class name="core.DivideTest">
        <test-method status="PASS" signature="divide_test_2_param()[pri:0, instance:core.DivideTest@63440df3]" name="divide_test_2_param" duration-ms="5" started-at="2018-05-20T12:27:11Z" finished-at="2018-05-20T12:27:11Z">
          <reporter-output>
          </reporter-output>
        </test-method> <!-- divide_test_2_param -->
        <test-method status="PASS" signature="divide_test_3_param()[pri:0, instance:core.DivideTest@63440df3]" name="divide_test_3_param" duration-ms="1" started-at="2018-05-20T12:27:11Z" finished-at="2018-05-20T12:27:11Z">
          <reporter-output>
          </reporter-output>
        </test-method> <!-- divide_test_3_param -->
        <test-method status="PASS" signature="divide_test_4_param()[pri:0, instance:core.DivideTest@63440df3]" name="divide_test_4_param" duration-ms="1" started-at="2018-05-20T12:27:11Z" finished-at="2018-05-20T12:27:11Z">
          <reporter-output>
          </reporter-output>
        </test-method> <!-- divide_test_4_param -->
        <test-method status="PASS" signature="divide_test_instanceOf()[pri:0, instance:core.DivideTest@63440df3]" name="divide_test_instanceOf" duration-ms="1" started-at="2018-05-20T12:27:11Z" finished-at="2018-05-20T12:27:11Z">
          <reporter-output>
          </reporter-output>
        </test-method> <!-- divide_test_instanceOf -->
      </class> <!-- core.DivideTest -->
      <class name="core.AddTest">
        <test-method status="PASS" signature="add_test_2_param()[pri:0, instance:core.AddTest@77f99a05]" name="add_test_2_param" duration-ms="16" started-at="2018-05-20T12:27:11Z" finished-at="2018-05-20T12:27:11Z">
          <reporter-output>
          </reporter-output>
        </test-method> <!-- add_test_2_param -->
        <test-method status="PASS" signature="add_test_3_param()[pri:0, instance:core.AddTest@77f99a05]" name="add_test_3_param" duration-ms="3" started-at="2018-05-20T12:27:11Z" finished-at="2018-05-20T12:27:11Z">
          <reporter-output>
          </reporter-output>
        </test-method> <!-- add_test_3_param -->
        <test-method status="PASS" signature="add_test_4_param()[pri:0, instance:core.AddTest@77f99a05]" name="add_test_4_param" duration-ms="1" started-at="2018-05-20T12:27:11Z" finished-at="2018-05-20T12:27:11Z">
          <reporter-output>
          </reporter-output>
        </test-method> <!-- add_test_4_param -->
        <test-method status="PASS" signature="add_test_instanceOf()[pri:0, instance:core.AddTest@77f99a05]" name="add_test_instanceOf" duration-ms="2" started-at="2018-05-20T12:27:11Z" finished-at="2018-05-20T12:27:11Z">
          <reporter-output>
          </reporter-output>
        </test-method> <!-- add_test_instanceOf -->
      </class> <!-- core.AddTest -->
      <class name="core.SubtractTest">
        <test-method status="PASS" signature="multiply_test_2_param()[pri:0, instance:core.SubtractTest@76a3e297]" name="multiply_test_2_param" duration-ms="1" started-at="2018-05-20T12:27:11Z" finished-at="2018-05-20T12:27:11Z">
          <reporter-output>
          </reporter-output>
        </test-method> <!-- multiply_test_2_param -->
        <test-method status="PASS" signature="multiply_test_3_param()[pri:0, instance:core.SubtractTest@76a3e297]" name="multiply_test_3_param" duration-ms="2" started-at="2018-05-20T12:27:11Z" finished-at="2018-05-20T12:27:11Z">
          <reporter-output>
          </reporter-output>
        </test-method> <!-- multiply_test_3_param -->
        <test-method status="PASS" signature="multiply_test_4_param()[pri:0, instance:core.SubtractTest@76a3e297]" name="multiply_test_4_param" duration-ms="1" started-at="2018-05-20T12:27:11Z" finished-at="2018-05-20T12:27:11Z">
          <reporter-output>
          </reporter-output>
        </test-method> <!-- multiply_test_4_param -->
        <test-method status="PASS" signature="subtract_test_instanceOf()[pri:0, instance:core.SubtractTest@76a3e297]" name="subtract_test_instanceOf" duration-ms="1" started-at="2018-05-20T12:27:11Z" finished-at="2018-05-20T12:27:11Z">
          <reporter-output>
          </reporter-output>
        </test-method> <!-- subtract_test_instanceOf -->
      </class> <!-- core.SubtractTest -->
    </test> <!-- Calculator Test -->
  </suite> <!-- Suite -->
</testng-results>
